<?xml version="1.0" encoding="UTF-8"?>
<!-- Generated by org.testng.reporters.JUnitReportReporter -->
<testsuite hostname="MZKJ-PC-03267" name="com.yag.test.TestCase1" tests="2" failures="0" timestamp="3 Mar 2017 07:54:19 GMT" time="0.898" errors="0">
  <testcase name="test2" time="0.553" classname="com.yag.test.TestCase1"/>
  <testcase name="test" time="0.345" classname="com.yag.test.TestCase1"/>
</testsuite> <!-- com.yag.test.TestCase1 -->
