<?xml version="1.0" encoding="UTF-8"?>
<!-- Generated by org.testng.reporters.JUnitReportReporter -->
<testsuite hostname="MZKJ-PC-03267" name="com.yag.test.TestCase1" tests="2" failures="0" timestamp="7 Jun 2016 02:18:03 GMT" time="0.691" errors="0">
  <testcase name="test2" time="0.430" classname="com.yag.test.TestCase1"/>
  <testcase name="test" time="0.261" classname="com.yag.test.TestCase1"/>
</testsuite> <!-- com.yag.test.TestCase1 -->
